<?xml version="1.0" encoding="UTF-8"?>
<robot generator="Robot 6.1.1 (Python 3.10.6 on win32)" generated="20241119 01:57:38.918" rpa="false" schemaversion="4">
<suite id="s1" name="Register" source="Q:\Yliopisto\Tietojenkäsittelytieteen kandiohjelma\Ohjelmistotuotanto\palautusrepositorio\viikko3\web-login\src\tests\register.robot">
<kw name="Open And Configure Browser" library="resource" type="SETUP">
<if>
<branch type="IF" condition="$BROWSER == 'chrome'">
<kw name="Evaluate" library="BuiltIn">
<var>${options}</var>
<arg>sys.modules['selenium.webdriver'].ChromeOptions()</arg>
<arg>sys</arg>
<doc>Evaluates the given expression in Python and returns the result.</doc>
<status status="NOT RUN" starttime="20241119 01:57:39.158" endtime="20241119 01:57:39.158"/>
</kw>
<status status="NOT RUN" starttime="20241119 01:57:39.148" endtime="20241119 01:57:39.158"/>
</branch>
<branch type="ELSE IF" condition="$BROWSER == 'firefox'">
<kw name="Evaluate" library="BuiltIn">
<var>${options}</var>
<arg>sys.modules['selenium.webdriver'].FirefoxOptions()</arg>
<arg>sys</arg>
<doc>Evaluates the given expression in Python and returns the result.</doc>
<msg timestamp="20241119 01:57:39.158" level="INFO">${options} = &lt;selenium.webdriver.firefox.options.Options object at 0x000002889787CD60&gt;</msg>
<status status="PASS" starttime="20241119 01:57:39.158" endtime="20241119 01:57:39.158"/>
</kw>
<status status="PASS" starttime="20241119 01:57:39.158" endtime="20241119 01:57:39.158"/>
</branch>
<status status="PASS" starttime="20241119 01:57:39.148" endtime="20241119 01:57:39.158"/>
</if>
<if>
<branch type="IF" condition="$HEADLESS == 'true'">
<kw name="Set Selenium Speed" library="SeleniumLibrary">
<arg>0</arg>
<doc>Sets the delay that is waited after each Selenium command.</doc>
<status status="NOT RUN" starttime="20241119 01:57:39.158" endtime="20241119 01:57:39.158"/>
</kw>
<kw name="Call Method" library="BuiltIn">
<arg>${options}</arg>
<arg>add_argument</arg>
<arg>--headless</arg>
<doc>Calls the named method of the given object with the provided arguments.</doc>
<status status="NOT RUN" starttime="20241119 01:57:39.158" endtime="20241119 01:57:39.158"/>
</kw>
<status status="NOT RUN" starttime="20241119 01:57:39.158" endtime="20241119 01:57:39.158"/>
</branch>
<branch type="ELSE">
<kw name="Set Selenium Speed" library="SeleniumLibrary">
<arg>${DELAY}</arg>
<doc>Sets the delay that is waited after each Selenium command.</doc>
<status status="PASS" starttime="20241119 01:57:39.158" endtime="20241119 01:57:39.159"/>
</kw>
<status status="PASS" starttime="20241119 01:57:39.158" endtime="20241119 01:57:39.159"/>
</branch>
<status status="PASS" starttime="20241119 01:57:39.158" endtime="20241119 01:57:39.159"/>
</if>
<kw name="Open Browser" library="SeleniumLibrary">
<arg>browser=${BROWSER}</arg>
<arg>options=${options}</arg>
<doc>Opens a new browser instance to the optional ``url``.</doc>
<msg timestamp="20241119 01:57:39.159" level="INFO">Opening browser 'firefox' to base url 'None'.</msg>
<status status="PASS" starttime="20241119 01:57:39.159" endtime="20241119 01:57:44.866"/>
</kw>
<status status="PASS" starttime="20241119 01:57:39.148" endtime="20241119 01:57:44.866"/>
</kw>
<test id="s1-t1" name="Register With Valid Username And Password" line="9">
<kw name="Reset Application Create User And Go To Register Page" type="SETUP">
<kw name="Reset Application" library="AppLibrary">
<status status="PASS" starttime="20241119 01:57:44.867" endtime="20241119 01:57:46.901"/>
</kw>
<kw name="Create User" library="AppLibrary">
<arg>kalle</arg>
<arg>kalle123</arg>
<status status="PASS" starttime="20241119 01:57:46.901" endtime="20241119 01:57:50.960"/>
</kw>
<kw name="Go To Register Page" library="resource">
<kw name="Go To" library="SeleniumLibrary">
<arg>${REGISTER_URL}</arg>
<doc>Navigates the current browser window to the provided ``url``.</doc>
<msg timestamp="20241119 01:57:50.960" level="INFO">Opening url 'http://localhost:5001/register'</msg>
<status status="PASS" starttime="20241119 01:57:50.960" endtime="20241119 01:57:51.529"/>
</kw>
<status status="PASS" starttime="20241119 01:57:50.960" endtime="20241119 01:57:51.529"/>
</kw>
<status status="PASS" starttime="20241119 01:57:44.867" endtime="20241119 01:57:51.529"/>
</kw>
<kw name="Set Username">
<arg>ellak</arg>
<kw name="Input Text" library="SeleniumLibrary">
<arg>username</arg>
<arg>${username}</arg>
<doc>Types the given ``text`` into the text field identified by ``locator``.</doc>
<msg timestamp="20241119 01:57:51.530" level="INFO">Typing text 'ellak' into text field 'username'.</msg>
<status status="PASS" starttime="20241119 01:57:51.530" endtime="20241119 01:57:53.108"/>
</kw>
<status status="PASS" starttime="20241119 01:57:51.529" endtime="20241119 01:57:53.108"/>
</kw>
<kw name="Set Password">
<arg>ellak123</arg>
<kw name="Input Password" library="SeleniumLibrary">
<arg>password</arg>
<arg>${password}</arg>
<doc>Types the given password into the text field identified by ``locator``.</doc>
<msg timestamp="20241119 01:57:53.109" level="INFO">Typing password into text field 'password'.</msg>
<msg timestamp="20241119 01:57:54.127" level="INFO">Temporally setting log level to: NONE</msg>
<msg timestamp="20241119 01:57:54.651" level="INFO">Log level changed from NONE to INFO.</msg>
<status status="PASS" starttime="20241119 01:57:53.109" endtime="20241119 01:57:54.651"/>
</kw>
<status status="PASS" starttime="20241119 01:57:53.108" endtime="20241119 01:57:54.651"/>
</kw>
<kw name="Set Password Confirmation">
<arg>ellak123</arg>
<kw name="Input Password" library="SeleniumLibrary">
<arg>password_confirmation</arg>
<arg>${password}</arg>
<doc>Types the given password into the text field identified by ``locator``.</doc>
<msg timestamp="20241119 01:57:54.652" level="INFO">Typing password into text field 'password_confirmation'.</msg>
<msg timestamp="20241119 01:57:55.666" level="INFO">Temporally setting log level to: NONE</msg>
<msg timestamp="20241119 01:57:56.190" level="INFO">Log level changed from NONE to INFO.</msg>
<status status="PASS" starttime="20241119 01:57:54.652" endtime="20241119 01:57:56.190"/>
</kw>
<status status="PASS" starttime="20241119 01:57:54.651" endtime="20241119 01:57:56.190"/>
</kw>
<kw name="Submit Registration Credentials">
<kw name="Click Button" library="SeleniumLibrary">
<arg>Register</arg>
<doc>Clicks the button identified by ``locator``.</doc>
<msg timestamp="20241119 01:57:56.191" level="INFO">Clicking button 'Register'.</msg>
<status status="PASS" starttime="20241119 01:57:56.191" endtime="20241119 01:57:58.265"/>
</kw>
<status status="PASS" starttime="20241119 01:57:56.190" endtime="20241119 01:57:58.265"/>
</kw>
<kw name="Register Should Succeed">
<kw name="Welcome Page Should Be Open" library="resource">
<kw name="Title Should Be" library="SeleniumLibrary">
<arg>Welcome to Ohtu Application!</arg>
<doc>Verifies that the current page title equals ``title``.</doc>
<msg timestamp="20241119 01:57:58.774" level="INFO">Page title is 'Welcome to Ohtu Application!'.</msg>
<status status="PASS" starttime="20241119 01:57:58.266" endtime="20241119 01:57:58.774"/>
</kw>
<status status="PASS" starttime="20241119 01:57:58.266" endtime="20241119 01:57:58.774"/>
</kw>
<status status="PASS" starttime="20241119 01:57:58.265" endtime="20241119 01:57:58.774"/>
</kw>
<status status="PASS" starttime="20241119 01:57:44.866" endtime="20241119 01:57:58.774"/>
</test>
<test id="s1-t2" name="Register With Too Short Username And Valid Password" line="16">
<kw name="Reset Application Create User And Go To Register Page" type="SETUP">
<kw name="Reset Application" library="AppLibrary">
<status status="PASS" starttime="20241119 01:57:58.777" endtime="20241119 01:58:00.802"/>
</kw>
<kw name="Create User" library="AppLibrary">
<arg>kalle</arg>
<arg>kalle123</arg>
<status status="PASS" starttime="20241119 01:58:00.802" endtime="20241119 01:58:04.858"/>
</kw>
<kw name="Go To Register Page" library="resource">
<kw name="Go To" library="SeleniumLibrary">
<arg>${REGISTER_URL}</arg>
<doc>Navigates the current browser window to the provided ``url``.</doc>
<msg timestamp="20241119 01:58:04.858" level="INFO">Opening url 'http://localhost:5001/register'</msg>
<status status="PASS" starttime="20241119 01:58:04.858" endtime="20241119 01:58:05.376"/>
</kw>
<status status="PASS" starttime="20241119 01:58:04.858" endtime="20241119 01:58:05.376"/>
</kw>
<status status="PASS" starttime="20241119 01:57:58.777" endtime="20241119 01:58:05.376"/>
</kw>
<kw name="Set Username">
<arg>ee</arg>
<kw name="Input Text" library="SeleniumLibrary">
<arg>username</arg>
<arg>${username}</arg>
<doc>Types the given ``text`` into the text field identified by ``locator``.</doc>
<msg timestamp="20241119 01:58:05.377" level="INFO">Typing text 'ee' into text field 'username'.</msg>
<status status="PASS" starttime="20241119 01:58:05.377" endtime="20241119 01:58:06.913"/>
</kw>
<status status="PASS" starttime="20241119 01:58:05.376" endtime="20241119 01:58:06.913"/>
</kw>
<kw name="Set Password">
<arg>ellak123</arg>
<kw name="Input Password" library="SeleniumLibrary">
<arg>password</arg>
<arg>${password}</arg>
<doc>Types the given password into the text field identified by ``locator``.</doc>
<msg timestamp="20241119 01:58:06.913" level="INFO">Typing password into text field 'password'.</msg>
<msg timestamp="20241119 01:58:07.934" level="INFO">Temporally setting log level to: NONE</msg>
<msg timestamp="20241119 01:58:08.455" level="INFO">Log level changed from NONE to INFO.</msg>
<status status="PASS" starttime="20241119 01:58:06.913" endtime="20241119 01:58:08.455"/>
</kw>
<status status="PASS" starttime="20241119 01:58:06.913" endtime="20241119 01:58:08.455"/>
</kw>
<kw name="Set Password Confirmation">
<arg>ellak123</arg>
<kw name="Input Password" library="SeleniumLibrary">
<arg>password_confirmation</arg>
<arg>${password}</arg>
<doc>Types the given password into the text field identified by ``locator``.</doc>
<msg timestamp="20241119 01:58:08.456" level="INFO">Typing password into text field 'password_confirmation'.</msg>
<msg timestamp="20241119 01:58:09.482" level="INFO">Temporally setting log level to: NONE</msg>
<msg timestamp="20241119 01:58:10.000" level="INFO">Log level changed from NONE to INFO.</msg>
<status status="PASS" starttime="20241119 01:58:08.456" endtime="20241119 01:58:10.000"/>
</kw>
<status status="PASS" starttime="20241119 01:58:08.456" endtime="20241119 01:58:10.000"/>
</kw>
<kw name="Submit Registration Credentials">
<kw name="Click Button" library="SeleniumLibrary">
<arg>Register</arg>
<doc>Clicks the button identified by ``locator``.</doc>
<msg timestamp="20241119 01:58:10.001" level="INFO">Clicking button 'Register'.</msg>
<status status="PASS" starttime="20241119 01:58:10.001" endtime="20241119 01:58:12.061"/>
</kw>
<status status="PASS" starttime="20241119 01:58:10.000" endtime="20241119 01:58:12.061"/>
</kw>
<kw name="Register Should Fail With Message">
<arg>Username must be at least 3 characters long</arg>
<kw name="Register Page Should Be Open" library="resource">
<kw name="Title Should Be" library="SeleniumLibrary">
<arg>Register</arg>
<doc>Verifies that the current page title equals ``title``.</doc>
<msg timestamp="20241119 01:58:12.572" level="INFO">Page title is 'Register'.</msg>
<status status="PASS" starttime="20241119 01:58:12.062" endtime="20241119 01:58:12.572"/>
</kw>
<status status="PASS" starttime="20241119 01:58:12.061" endtime="20241119 01:58:12.572"/>
</kw>
<kw name="Page Should Contain" library="SeleniumLibrary">
<arg>${expected_message}</arg>
<doc>Verifies that current page contains ``text``.</doc>
<msg timestamp="20241119 01:58:13.608" level="INFO">Current page contains text 'Username must be at least 3 characters long'.</msg>
<status status="PASS" starttime="20241119 01:58:12.572" endtime="20241119 01:58:13.608"/>
</kw>
<status status="PASS" starttime="20241119 01:58:12.061" endtime="20241119 01:58:13.608"/>
</kw>
<status status="PASS" starttime="20241119 01:57:58.776" endtime="20241119 01:58:13.608"/>
</test>
<test id="s1-t3" name="Register With Valid Username And Too Short Password" line="23">
<kw name="Reset Application Create User And Go To Register Page" type="SETUP">
<kw name="Reset Application" library="AppLibrary">
<status status="PASS" starttime="20241119 01:58:13.613" endtime="20241119 01:58:15.640"/>
</kw>
<kw name="Create User" library="AppLibrary">
<arg>kalle</arg>
<arg>kalle123</arg>
<status status="PASS" starttime="20241119 01:58:15.640" endtime="20241119 01:58:19.695"/>
</kw>
<kw name="Go To Register Page" library="resource">
<kw name="Go To" library="SeleniumLibrary">
<arg>${REGISTER_URL}</arg>
<doc>Navigates the current browser window to the provided ``url``.</doc>
<msg timestamp="20241119 01:58:19.695" level="INFO">Opening url 'http://localhost:5001/register'</msg>
<status status="PASS" starttime="20241119 01:58:19.695" endtime="20241119 01:58:20.226"/>
</kw>
<status status="PASS" starttime="20241119 01:58:19.695" endtime="20241119 01:58:20.226"/>
</kw>
<status status="PASS" starttime="20241119 01:58:13.612" endtime="20241119 01:58:20.226"/>
</kw>
<kw name="Set Username">
<arg>ellak</arg>
<kw name="Input Text" library="SeleniumLibrary">
<arg>username</arg>
<arg>${username}</arg>
<doc>Types the given ``text`` into the text field identified by ``locator``.</doc>
<msg timestamp="20241119 01:58:20.227" level="INFO">Typing text 'ellak' into text field 'username'.</msg>
<status status="PASS" starttime="20241119 01:58:20.227" endtime="20241119 01:58:21.769"/>
</kw>
<status status="PASS" starttime="20241119 01:58:20.226" endtime="20241119 01:58:21.769"/>
</kw>
<kw name="Set Password">
<arg>ell</arg>
<kw name="Input Password" library="SeleniumLibrary">
<arg>password</arg>
<arg>${password}</arg>
<doc>Types the given password into the text field identified by ``locator``.</doc>
<msg timestamp="20241119 01:58:21.770" level="INFO">Typing password into text field 'password'.</msg>
<msg timestamp="20241119 01:58:22.781" level="INFO">Temporally setting log level to: NONE</msg>
<msg timestamp="20241119 01:58:23.298" level="INFO">Log level changed from NONE to INFO.</msg>
<status status="PASS" starttime="20241119 01:58:21.770" endtime="20241119 01:58:23.298"/>
</kw>
<status status="PASS" starttime="20241119 01:58:21.769" endtime="20241119 01:58:23.298"/>
</kw>
<kw name="Set Password Confirmation">
<arg>ell</arg>
<kw name="Input Password" library="SeleniumLibrary">
<arg>password_confirmation</arg>
<arg>${password}</arg>
<doc>Types the given password into the text field identified by ``locator``.</doc>
<msg timestamp="20241119 01:58:23.299" level="INFO">Typing password into text field 'password_confirmation'.</msg>
<msg timestamp="20241119 01:58:24.313" level="INFO">Temporally setting log level to: NONE</msg>
<msg timestamp="20241119 01:58:24.833" level="INFO">Log level changed from NONE to INFO.</msg>
<status status="PASS" starttime="20241119 01:58:23.299" endtime="20241119 01:58:24.833"/>
</kw>
<status status="PASS" starttime="20241119 01:58:23.298" endtime="20241119 01:58:24.833"/>
</kw>
<kw name="Submit Registration Credentials">
<kw name="Click Button" library="SeleniumLibrary">
<arg>Register</arg>
<doc>Clicks the button identified by ``locator``.</doc>
<msg timestamp="20241119 01:58:24.834" level="INFO">Clicking button 'Register'.</msg>
<status status="PASS" starttime="20241119 01:58:24.834" endtime="20241119 01:58:26.896"/>
</kw>
<status status="PASS" starttime="20241119 01:58:24.833" endtime="20241119 01:58:26.896"/>
</kw>
<kw name="Register Should Fail With Message">
<arg>Password must be at least 8 characters long</arg>
<kw name="Register Page Should Be Open" library="resource">
<kw name="Title Should Be" library="SeleniumLibrary">
<arg>Register</arg>
<doc>Verifies that the current page title equals ``title``.</doc>
<msg timestamp="20241119 01:58:27.406" level="INFO">Page title is 'Register'.</msg>
<status status="PASS" starttime="20241119 01:58:26.897" endtime="20241119 01:58:27.406"/>
</kw>
<status status="PASS" starttime="20241119 01:58:26.897" endtime="20241119 01:58:27.406"/>
</kw>
<kw name="Page Should Contain" library="SeleniumLibrary">
<arg>${expected_message}</arg>
<doc>Verifies that current page contains ``text``.</doc>
<msg timestamp="20241119 01:58:28.416" level="INFO">Current page contains text 'Password must be at least 8 characters long'.</msg>
<status status="PASS" starttime="20241119 01:58:27.406" endtime="20241119 01:58:28.416"/>
</kw>
<status status="PASS" starttime="20241119 01:58:26.896" endtime="20241119 01:58:28.416"/>
</kw>
<status status="PASS" starttime="20241119 01:58:13.611" endtime="20241119 01:58:28.416"/>
</test>
<test id="s1-t4" name="Register With Valid Username And Invalid Password" line="30">
<kw name="Reset Application Create User And Go To Register Page" type="SETUP">
<kw name="Reset Application" library="AppLibrary">
<status status="PASS" starttime="20241119 01:58:28.420" endtime="20241119 01:58:30.473"/>
</kw>
<kw name="Create User" library="AppLibrary">
<arg>kalle</arg>
<arg>kalle123</arg>
<status status="PASS" starttime="20241119 01:58:30.473" endtime="20241119 01:58:34.538"/>
</kw>
<kw name="Go To Register Page" library="resource">
<kw name="Go To" library="SeleniumLibrary">
<arg>${REGISTER_URL}</arg>
<doc>Navigates the current browser window to the provided ``url``.</doc>
<msg timestamp="20241119 01:58:34.539" level="INFO">Opening url 'http://localhost:5001/register'</msg>
<status status="PASS" starttime="20241119 01:58:34.539" endtime="20241119 01:58:35.066"/>
</kw>
<status status="PASS" starttime="20241119 01:58:34.538" endtime="20241119 01:58:35.066"/>
</kw>
<status status="PASS" starttime="20241119 01:58:28.420" endtime="20241119 01:58:35.066"/>
</kw>
<kw name="Set Username">
<arg>ellak</arg>
<kw name="Input Text" library="SeleniumLibrary">
<arg>username</arg>
<arg>${username}</arg>
<doc>Types the given ``text`` into the text field identified by ``locator``.</doc>
<msg timestamp="20241119 01:58:35.067" level="INFO">Typing text 'ellak' into text field 'username'.</msg>
<status status="PASS" starttime="20241119 01:58:35.067" endtime="20241119 01:58:36.587"/>
</kw>
<status status="PASS" starttime="20241119 01:58:35.066" endtime="20241119 01:58:36.587"/>
</kw>
<kw name="Set Password">
<arg>ellakalle</arg>
<kw name="Input Password" library="SeleniumLibrary">
<arg>password</arg>
<arg>${password}</arg>
<doc>Types the given password into the text field identified by ``locator``.</doc>
<msg timestamp="20241119 01:58:36.588" level="INFO">Typing password into text field 'password'.</msg>
<msg timestamp="20241119 01:58:37.599" level="INFO">Temporally setting log level to: NONE</msg>
<msg timestamp="20241119 01:58:38.121" level="INFO">Log level changed from NONE to INFO.</msg>
<status status="PASS" starttime="20241119 01:58:36.588" endtime="20241119 01:58:38.121"/>
</kw>
<status status="PASS" starttime="20241119 01:58:36.587" endtime="20241119 01:58:38.121"/>
</kw>
<kw name="Set Password Confirmation">
<arg>ellakalle</arg>
<kw name="Input Password" library="SeleniumLibrary">
<arg>password_confirmation</arg>
<arg>${password}</arg>
<doc>Types the given password into the text field identified by ``locator``.</doc>
<msg timestamp="20241119 01:58:38.122" level="INFO">Typing password into text field 'password_confirmation'.</msg>
<msg timestamp="20241119 01:58:39.134" level="INFO">Temporally setting log level to: NONE</msg>
<msg timestamp="20241119 01:58:39.640" level="INFO">Log level changed from NONE to INFO.</msg>
<status status="PASS" starttime="20241119 01:58:38.122" endtime="20241119 01:58:39.640"/>
</kw>
<status status="PASS" starttime="20241119 01:58:38.122" endtime="20241119 01:58:39.640"/>
</kw>
<kw name="Submit Registration Credentials">
<kw name="Click Button" library="SeleniumLibrary">
<arg>Register</arg>
<doc>Clicks the button identified by ``locator``.</doc>
<msg timestamp="20241119 01:58:39.641" level="INFO">Clicking button 'Register'.</msg>
<status status="PASS" starttime="20241119 01:58:39.641" endtime="20241119 01:58:41.716"/>
</kw>
<status status="PASS" starttime="20241119 01:58:39.641" endtime="20241119 01:58:41.716"/>
</kw>
<kw name="Register Should Fail With Message">
<arg>Password must contain at least one number</arg>
<kw name="Register Page Should Be Open" library="resource">
<kw name="Title Should Be" library="SeleniumLibrary">
<arg>Register</arg>
<doc>Verifies that the current page title equals ``title``.</doc>
<msg timestamp="20241119 01:58:42.231" level="INFO">Page title is 'Register'.</msg>
<status status="PASS" starttime="20241119 01:58:41.717" endtime="20241119 01:58:42.231"/>
</kw>
<status status="PASS" starttime="20241119 01:58:41.717" endtime="20241119 01:58:42.231"/>
</kw>
<kw name="Page Should Contain" library="SeleniumLibrary">
<arg>${expected_message}</arg>
<doc>Verifies that current page contains ``text``.</doc>
<msg timestamp="20241119 01:58:43.241" level="INFO">Current page contains text 'Password must contain at least one number'.</msg>
<status status="PASS" starttime="20241119 01:58:42.231" endtime="20241119 01:58:43.241"/>
</kw>
<status status="PASS" starttime="20241119 01:58:41.716" endtime="20241119 01:58:43.241"/>
</kw>
<status status="PASS" starttime="20241119 01:58:28.418" endtime="20241119 01:58:43.241"/>
</test>
<test id="s1-t5" name="Register With Nonmatching Password And Password Confirmation" line="37">
<kw name="Reset Application Create User And Go To Register Page" type="SETUP">
<kw name="Reset Application" library="AppLibrary">
<status status="PASS" starttime="20241119 01:58:43.245" endtime="20241119 01:58:45.286"/>
</kw>
<kw name="Create User" library="AppLibrary">
<arg>kalle</arg>
<arg>kalle123</arg>
<status status="PASS" starttime="20241119 01:58:45.286" endtime="20241119 01:58:49.354"/>
</kw>
<kw name="Go To Register Page" library="resource">
<kw name="Go To" library="SeleniumLibrary">
<arg>${REGISTER_URL}</arg>
<doc>Navigates the current browser window to the provided ``url``.</doc>
<msg timestamp="20241119 01:58:49.354" level="INFO">Opening url 'http://localhost:5001/register'</msg>
<status status="PASS" starttime="20241119 01:58:49.354" endtime="20241119 01:58:49.877"/>
</kw>
<status status="PASS" starttime="20241119 01:58:49.354" endtime="20241119 01:58:49.877"/>
</kw>
<status status="PASS" starttime="20241119 01:58:43.245" endtime="20241119 01:58:49.877"/>
</kw>
<kw name="Set Username">
<arg>ellak</arg>
<kw name="Input Text" library="SeleniumLibrary">
<arg>username</arg>
<arg>${username}</arg>
<doc>Types the given ``text`` into the text field identified by ``locator``.</doc>
<msg timestamp="20241119 01:58:49.878" level="INFO">Typing text 'ellak' into text field 'username'.</msg>
<status status="PASS" starttime="20241119 01:58:49.878" endtime="20241119 01:58:51.397"/>
</kw>
<status status="PASS" starttime="20241119 01:58:49.877" endtime="20241119 01:58:51.397"/>
</kw>
<kw name="Set Password">
<arg>ellak123</arg>
<kw name="Input Password" library="SeleniumLibrary">
<arg>password</arg>
<arg>${password}</arg>
<doc>Types the given password into the text field identified by ``locator``.</doc>
<msg timestamp="20241119 01:58:51.398" level="INFO">Typing password into text field 'password'.</msg>
<msg timestamp="20241119 01:58:52.416" level="INFO">Temporally setting log level to: NONE</msg>
<msg timestamp="20241119 01:58:52.939" level="INFO">Log level changed from NONE to INFO.</msg>
<status status="PASS" starttime="20241119 01:58:51.398" endtime="20241119 01:58:52.939"/>
</kw>
<status status="PASS" starttime="20241119 01:58:51.397" endtime="20241119 01:58:52.939"/>
</kw>
<kw name="Set Password Confirmation">
<arg>ellak456</arg>
<kw name="Input Password" library="SeleniumLibrary">
<arg>password_confirmation</arg>
<arg>${password}</arg>
<doc>Types the given password into the text field identified by ``locator``.</doc>
<msg timestamp="20241119 01:58:52.940" level="INFO">Typing password into text field 'password_confirmation'.</msg>
<msg timestamp="20241119 01:58:53.954" level="INFO">Temporally setting log level to: NONE</msg>
<msg timestamp="20241119 01:58:54.464" level="INFO">Log level changed from NONE to INFO.</msg>
<status status="PASS" starttime="20241119 01:58:52.940" endtime="20241119 01:58:54.464"/>
</kw>
<status status="PASS" starttime="20241119 01:58:52.939" endtime="20241119 01:58:54.464"/>
</kw>
<kw name="Submit Registration Credentials">
<kw name="Click Button" library="SeleniumLibrary">
<arg>Register</arg>
<doc>Clicks the button identified by ``locator``.</doc>
<msg timestamp="20241119 01:58:54.465" level="INFO">Clicking button 'Register'.</msg>
<status status="PASS" starttime="20241119 01:58:54.464" endtime="20241119 01:58:56.531"/>
</kw>
<status status="PASS" starttime="20241119 01:58:54.464" endtime="20241119 01:58:56.531"/>
</kw>
<kw name="Register Should Fail With Message">
<arg>Passwords do not match</arg>
<kw name="Register Page Should Be Open" library="resource">
<kw name="Title Should Be" library="SeleniumLibrary">
<arg>Register</arg>
<doc>Verifies that the current page title equals ``title``.</doc>
<msg timestamp="20241119 01:58:57.039" level="INFO">Page title is 'Register'.</msg>
<status status="PASS" starttime="20241119 01:58:56.532" endtime="20241119 01:58:57.039"/>
</kw>
<status status="PASS" starttime="20241119 01:58:56.532" endtime="20241119 01:58:57.039"/>
</kw>
<kw name="Page Should Contain" library="SeleniumLibrary">
<arg>${expected_message}</arg>
<doc>Verifies that current page contains ``text``.</doc>
<msg timestamp="20241119 01:58:58.061" level="INFO">Current page contains text 'Passwords do not match'.</msg>
<status status="PASS" starttime="20241119 01:58:57.039" endtime="20241119 01:58:58.061"/>
</kw>
<status status="PASS" starttime="20241119 01:58:56.531" endtime="20241119 01:58:58.061"/>
</kw>
<status status="PASS" starttime="20241119 01:58:43.243" endtime="20241119 01:58:58.061"/>
</test>
<test id="s1-t6" name="Register With Username That Is Already In Use" line="44">
<kw name="Reset Application Create User And Go To Register Page" type="SETUP">
<kw name="Reset Application" library="AppLibrary">
<status status="PASS" starttime="20241119 01:58:58.065" endtime="20241119 01:59:00.104"/>
</kw>
<kw name="Create User" library="AppLibrary">
<arg>kalle</arg>
<arg>kalle123</arg>
<status status="PASS" starttime="20241119 01:59:00.104" endtime="20241119 01:59:04.163"/>
</kw>
<kw name="Go To Register Page" library="resource">
<kw name="Go To" library="SeleniumLibrary">
<arg>${REGISTER_URL}</arg>
<doc>Navigates the current browser window to the provided ``url``.</doc>
<msg timestamp="20241119 01:59:04.163" level="INFO">Opening url 'http://localhost:5001/register'</msg>
<status status="PASS" starttime="20241119 01:59:04.163" endtime="20241119 01:59:04.699"/>
</kw>
<status status="PASS" starttime="20241119 01:59:04.163" endtime="20241119 01:59:04.699"/>
</kw>
<status status="PASS" starttime="20241119 01:58:58.065" endtime="20241119 01:59:04.699"/>
</kw>
<kw name="Set Username">
<arg>kalle</arg>
<kw name="Input Text" library="SeleniumLibrary">
<arg>username</arg>
<arg>${username}</arg>
<doc>Types the given ``text`` into the text field identified by ``locator``.</doc>
<msg timestamp="20241119 01:59:04.700" level="INFO">Typing text 'kalle' into text field 'username'.</msg>
<status status="PASS" starttime="20241119 01:59:04.700" endtime="20241119 01:59:06.237"/>
</kw>
<status status="PASS" starttime="20241119 01:59:04.699" endtime="20241119 01:59:06.237"/>
</kw>
<kw name="Set Password">
<arg>ellak123</arg>
<kw name="Input Password" library="SeleniumLibrary">
<arg>password</arg>
<arg>${password}</arg>
<doc>Types the given password into the text field identified by ``locator``.</doc>
<msg timestamp="20241119 01:59:06.238" level="INFO">Typing password into text field 'password'.</msg>
<msg timestamp="20241119 01:59:07.273" level="INFO">Temporally setting log level to: NONE</msg>
<msg timestamp="20241119 01:59:07.780" level="INFO">Log level changed from NONE to INFO.</msg>
<status status="PASS" starttime="20241119 01:59:06.238" endtime="20241119 01:59:07.780"/>
</kw>
<status status="PASS" starttime="20241119 01:59:06.237" endtime="20241119 01:59:07.780"/>
</kw>
<kw name="Set Password Confirmation">
<arg>ellak123</arg>
<kw name="Input Password" library="SeleniumLibrary">
<arg>password_confirmation</arg>
<arg>${password}</arg>
<doc>Types the given password into the text field identified by ``locator``.</doc>
<msg timestamp="20241119 01:59:07.781" level="INFO">Typing password into text field 'password_confirmation'.</msg>
<msg timestamp="20241119 01:59:08.805" level="INFO">Temporally setting log level to: NONE</msg>
<msg timestamp="20241119 01:59:09.326" level="INFO">Log level changed from NONE to INFO.</msg>
<status status="PASS" starttime="20241119 01:59:07.781" endtime="20241119 01:59:09.326"/>
</kw>
<status status="PASS" starttime="20241119 01:59:07.781" endtime="20241119 01:59:09.326"/>
</kw>
<kw name="Submit Registration Credentials">
<kw name="Click Button" library="SeleniumLibrary">
<arg>Register</arg>
<doc>Clicks the button identified by ``locator``.</doc>
<msg timestamp="20241119 01:59:09.327" level="INFO">Clicking button 'Register'.</msg>
<status status="PASS" starttime="20241119 01:59:09.327" endtime="20241119 01:59:11.395"/>
</kw>
<status status="PASS" starttime="20241119 01:59:09.326" endtime="20241119 01:59:11.395"/>
</kw>
<kw name="Register Should Fail With Message">
<arg>Username already exists</arg>
<kw name="Register Page Should Be Open" library="resource">
<kw name="Title Should Be" library="SeleniumLibrary">
<arg>Register</arg>
<doc>Verifies that the current page title equals ``title``.</doc>
<msg timestamp="20241119 01:59:11.904" level="INFO">Page title is 'Register'.</msg>
<status status="PASS" starttime="20241119 01:59:11.396" endtime="20241119 01:59:11.904"/>
</kw>
<status status="PASS" starttime="20241119 01:59:11.395" endtime="20241119 01:59:11.904"/>
</kw>
<kw name="Page Should Contain" library="SeleniumLibrary">
<arg>${expected_message}</arg>
<doc>Verifies that current page contains ``text``.</doc>
<msg timestamp="20241119 01:59:12.931" level="INFO">Current page contains text 'Username already exists'.</msg>
<status status="PASS" starttime="20241119 01:59:11.904" endtime="20241119 01:59:12.931"/>
</kw>
<status status="PASS" starttime="20241119 01:59:11.395" endtime="20241119 01:59:12.931"/>
</kw>
<status status="PASS" starttime="20241119 01:58:58.063" endtime="20241119 01:59:12.931"/>
</test>
<test id="s1-t7" name="Login After Successful Registration" line="51">
<kw name="Reset Application Create User And Go To Register Page" type="SETUP">
<kw name="Reset Application" library="AppLibrary">
<status status="PASS" starttime="20241119 01:59:12.935" endtime="20241119 01:59:14.969"/>
</kw>
<kw name="Create User" library="AppLibrary">
<arg>kalle</arg>
<arg>kalle123</arg>
<status status="PASS" starttime="20241119 01:59:14.969" endtime="20241119 01:59:19.033"/>
</kw>
<kw name="Go To Register Page" library="resource">
<kw name="Go To" library="SeleniumLibrary">
<arg>${REGISTER_URL}</arg>
<doc>Navigates the current browser window to the provided ``url``.</doc>
<msg timestamp="20241119 01:59:19.033" level="INFO">Opening url 'http://localhost:5001/register'</msg>
<status status="PASS" starttime="20241119 01:59:19.033" endtime="20241119 01:59:19.557"/>
</kw>
<status status="PASS" starttime="20241119 01:59:19.033" endtime="20241119 01:59:19.557"/>
</kw>
<status status="PASS" starttime="20241119 01:59:12.935" endtime="20241119 01:59:19.557"/>
</kw>
<kw name="Set Username">
<arg>ellak</arg>
<kw name="Input Text" library="SeleniumLibrary">
<arg>username</arg>
<arg>${username}</arg>
<doc>Types the given ``text`` into the text field identified by ``locator``.</doc>
<msg timestamp="20241119 01:59:19.558" level="INFO">Typing text 'ellak' into text field 'username'.</msg>
<status status="PASS" starttime="20241119 01:59:19.558" endtime="20241119 01:59:21.100"/>
</kw>
<status status="PASS" starttime="20241119 01:59:19.557" endtime="20241119 01:59:21.100"/>
</kw>
<kw name="Set Password">
<arg>ellak123</arg>
<kw name="Input Password" library="SeleniumLibrary">
<arg>password</arg>
<arg>${password}</arg>
<doc>Types the given password into the text field identified by ``locator``.</doc>
<msg timestamp="20241119 01:59:21.101" level="INFO">Typing password into text field 'password'.</msg>
<msg timestamp="20241119 01:59:22.114" level="INFO">Temporally setting log level to: NONE</msg>
<msg timestamp="20241119 01:59:22.632" level="INFO">Log level changed from NONE to INFO.</msg>
<status status="PASS" starttime="20241119 01:59:21.101" endtime="20241119 01:59:22.632"/>
</kw>
<status status="PASS" starttime="20241119 01:59:21.100" endtime="20241119 01:59:22.632"/>
</kw>
<kw name="Set Password Confirmation">
<arg>ellak123</arg>
<kw name="Input Password" library="SeleniumLibrary">
<arg>password_confirmation</arg>
<arg>${password}</arg>
<doc>Types the given password into the text field identified by ``locator``.</doc>
<msg timestamp="20241119 01:59:22.633" level="INFO">Typing password into text field 'password_confirmation'.</msg>
<msg timestamp="20241119 01:59:23.647" level="INFO">Temporally setting log level to: NONE</msg>
<msg timestamp="20241119 01:59:24.153" level="INFO">Log level changed from NONE to INFO.</msg>
<status status="PASS" starttime="20241119 01:59:22.633" endtime="20241119 01:59:24.153"/>
</kw>
<status status="PASS" starttime="20241119 01:59:22.632" endtime="20241119 01:59:24.153"/>
</kw>
<kw name="Submit Registration Credentials">
<kw name="Click Button" library="SeleniumLibrary">
<arg>Register</arg>
<doc>Clicks the button identified by ``locator``.</doc>
<msg timestamp="20241119 01:59:24.154" level="INFO">Clicking button 'Register'.</msg>
<status status="PASS" starttime="20241119 01:59:24.154" endtime="20241119 01:59:26.214"/>
</kw>
<status status="PASS" starttime="20241119 01:59:24.154" endtime="20241119 01:59:26.214"/>
</kw>
<kw name="Register Should Succeed">
<kw name="Welcome Page Should Be Open" library="resource">
<kw name="Title Should Be" library="SeleniumLibrary">
<arg>Welcome to Ohtu Application!</arg>
<doc>Verifies that the current page title equals ``title``.</doc>
<msg timestamp="20241119 01:59:26.718" level="INFO">Page title is 'Welcome to Ohtu Application!'.</msg>
<status status="PASS" starttime="20241119 01:59:26.215" endtime="20241119 01:59:26.718"/>
</kw>
<status status="PASS" starttime="20241119 01:59:26.215" endtime="20241119 01:59:26.718"/>
</kw>
<status status="PASS" starttime="20241119 01:59:26.214" endtime="20241119 01:59:26.718"/>
</kw>
<kw name="Click Link" library="SeleniumLibrary">
<arg>Continue to main page</arg>
<doc>Clicks a link identified by ``locator``.</doc>
<msg timestamp="20241119 01:59:26.719" level="INFO">Clicking link 'Continue to main page'.</msg>
<status status="PASS" starttime="20241119 01:59:26.718" endtime="20241119 01:59:28.264"/>
</kw>
<kw name="Click Button" library="SeleniumLibrary">
<arg>Logout</arg>
<doc>Clicks the button identified by ``locator``.</doc>
<msg timestamp="20241119 01:59:28.265" level="INFO">Clicking button 'Logout'.</msg>
<status status="PASS" starttime="20241119 01:59:28.264" endtime="20241119 01:59:30.317"/>
</kw>
<kw name="Login Page Should Be Open" library="resource">
<kw name="Title Should Be" library="SeleniumLibrary">
<arg>Login</arg>
<doc>Verifies that the current page title equals ``title``.</doc>
<msg timestamp="20241119 01:59:30.828" level="INFO">Page title is 'Login'.</msg>
<status status="PASS" starttime="20241119 01:59:30.317" endtime="20241119 01:59:30.828"/>
</kw>
<status status="PASS" starttime="20241119 01:59:30.317" endtime="20241119 01:59:30.828"/>
</kw>
<kw name="Set Username">
<arg>ellak</arg>
<kw name="Input Text" library="SeleniumLibrary">
<arg>username</arg>
<arg>${username}</arg>
<doc>Types the given ``text`` into the text field identified by ``locator``.</doc>
<msg timestamp="20241119 01:59:30.829" level="INFO">Typing text 'ellak' into text field 'username'.</msg>
<status status="PASS" starttime="20241119 01:59:30.829" endtime="20241119 01:59:32.376"/>
</kw>
<status status="PASS" starttime="20241119 01:59:30.828" endtime="20241119 01:59:32.376"/>
</kw>
<kw name="Set Password">
<arg>ellak123</arg>
<kw name="Input Password" library="SeleniumLibrary">
<arg>password</arg>
<arg>${password}</arg>
<doc>Types the given password into the text field identified by ``locator``.</doc>
<msg timestamp="20241119 01:59:32.377" level="INFO">Typing password into text field 'password'.</msg>
<msg timestamp="20241119 01:59:33.393" level="INFO">Temporally setting log level to: NONE</msg>
<msg timestamp="20241119 01:59:33.903" level="INFO">Log level changed from NONE to INFO.</msg>
<status status="PASS" starttime="20241119 01:59:32.377" endtime="20241119 01:59:33.903"/>
</kw>
<status status="PASS" starttime="20241119 01:59:32.376" endtime="20241119 01:59:33.903"/>
</kw>
<kw name="Click Button" library="SeleniumLibrary">
<arg>Login</arg>
<doc>Clicks the button identified by ``locator``.</doc>
<msg timestamp="20241119 01:59:33.904" level="INFO">Clicking button 'Login'.</msg>
<status status="PASS" starttime="20241119 01:59:33.903" endtime="20241119 01:59:35.949"/>
</kw>
<kw name="Main Page Should Be Open" library="resource">
<kw name="Title Should Be" library="SeleniumLibrary">
<arg>Ohtu Application main page</arg>
<doc>Verifies that the current page title equals ``title``.</doc>
<msg timestamp="20241119 01:59:36.458" level="INFO">Page title is 'Ohtu Application main page'.</msg>
<status status="PASS" starttime="20241119 01:59:35.950" endtime="20241119 01:59:36.458"/>
</kw>
<status status="PASS" starttime="20241119 01:59:35.949" endtime="20241119 01:59:36.458"/>
</kw>
<status status="PASS" starttime="20241119 01:59:12.933" endtime="20241119 01:59:36.458"/>
</test>
<test id="s1-t8" name="Login After Failed Registration" line="65">
<kw name="Reset Application Create User And Go To Register Page" type="SETUP">
<kw name="Reset Application" library="AppLibrary">
<status status="PASS" starttime="20241119 01:59:36.462" endtime="20241119 01:59:38.482"/>
</kw>
<kw name="Create User" library="AppLibrary">
<arg>kalle</arg>
<arg>kalle123</arg>
<status status="PASS" starttime="20241119 01:59:38.482" endtime="20241119 01:59:42.544"/>
</kw>
<kw name="Go To Register Page" library="resource">
<kw name="Go To" library="SeleniumLibrary">
<arg>${REGISTER_URL}</arg>
<doc>Navigates the current browser window to the provided ``url``.</doc>
<msg timestamp="20241119 01:59:42.545" level="INFO">Opening url 'http://localhost:5001/register'</msg>
<status status="PASS" starttime="20241119 01:59:42.544" endtime="20241119 01:59:43.062"/>
</kw>
<status status="PASS" starttime="20241119 01:59:42.544" endtime="20241119 01:59:43.062"/>
</kw>
<status status="PASS" starttime="20241119 01:59:36.462" endtime="20241119 01:59:43.062"/>
</kw>
<kw name="Set Username">
<arg>ellak</arg>
<kw name="Input Text" library="SeleniumLibrary">
<arg>username</arg>
<arg>${username}</arg>
<doc>Types the given ``text`` into the text field identified by ``locator``.</doc>
<msg timestamp="20241119 01:59:43.063" level="INFO">Typing text 'ellak' into text field 'username'.</msg>
<status status="PASS" starttime="20241119 01:59:43.063" endtime="20241119 01:59:44.594"/>
</kw>
<status status="PASS" starttime="20241119 01:59:43.062" endtime="20241119 01:59:44.594"/>
</kw>
<kw name="Set Password">
<arg>ell</arg>
<kw name="Input Password" library="SeleniumLibrary">
<arg>password</arg>
<arg>${password}</arg>
<doc>Types the given password into the text field identified by ``locator``.</doc>
<msg timestamp="20241119 01:59:44.595" level="INFO">Typing password into text field 'password'.</msg>
<msg timestamp="20241119 01:59:45.611" level="INFO">Temporally setting log level to: NONE</msg>
<msg timestamp="20241119 01:59:46.122" level="INFO">Log level changed from NONE to INFO.</msg>
<status status="PASS" starttime="20241119 01:59:44.595" endtime="20241119 01:59:46.122"/>
</kw>
<status status="PASS" starttime="20241119 01:59:44.594" endtime="20241119 01:59:46.122"/>
</kw>
<kw name="Set Password Confirmation">
<arg>ell</arg>
<kw name="Input Password" library="SeleniumLibrary">
<arg>password_confirmation</arg>
<arg>${password}</arg>
<doc>Types the given password into the text field identified by ``locator``.</doc>
<msg timestamp="20241119 01:59:46.123" level="INFO">Typing password into text field 'password_confirmation'.</msg>
<msg timestamp="20241119 01:59:47.136" level="INFO">Temporally setting log level to: NONE</msg>
<msg timestamp="20241119 01:59:47.645" level="INFO">Log level changed from NONE to INFO.</msg>
<status status="PASS" starttime="20241119 01:59:46.122" endtime="20241119 01:59:47.645"/>
</kw>
<status status="PASS" starttime="20241119 01:59:46.122" endtime="20241119 01:59:47.645"/>
</kw>
<kw name="Submit Registration Credentials">
<kw name="Click Button" library="SeleniumLibrary">
<arg>Register</arg>
<doc>Clicks the button identified by ``locator``.</doc>
<msg timestamp="20241119 01:59:47.646" level="INFO">Clicking button 'Register'.</msg>
<status status="PASS" starttime="20241119 01:59:47.646" endtime="20241119 01:59:49.698"/>
</kw>
<status status="PASS" starttime="20241119 01:59:47.645" endtime="20241119 01:59:49.698"/>
</kw>
<kw name="Register Should Fail With Message">
<arg>Password must be at least 8 characters long</arg>
<kw name="Register Page Should Be Open" library="resource">
<kw name="Title Should Be" library="SeleniumLibrary">
<arg>Register</arg>
<doc>Verifies that the current page title equals ``title``.</doc>
<msg timestamp="20241119 01:59:50.208" level="INFO">Page title is 'Register'.</msg>
<status status="PASS" starttime="20241119 01:59:49.699" endtime="20241119 01:59:50.208"/>
</kw>
<status status="PASS" starttime="20241119 01:59:49.699" endtime="20241119 01:59:50.208"/>
</kw>
<kw name="Page Should Contain" library="SeleniumLibrary">
<arg>${expected_message}</arg>
<doc>Verifies that current page contains ``text``.</doc>
<msg timestamp="20241119 01:59:51.224" level="INFO">Current page contains text 'Password must be at least 8 characters long'.</msg>
<status status="PASS" starttime="20241119 01:59:50.208" endtime="20241119 01:59:51.224"/>
</kw>
<status status="PASS" starttime="20241119 01:59:49.698" endtime="20241119 01:59:51.224"/>
</kw>
<kw name="Click Link" library="SeleniumLibrary">
<arg>Login</arg>
<doc>Clicks a link identified by ``locator``.</doc>
<msg timestamp="20241119 01:59:51.225" level="INFO">Clicking link 'Login'.</msg>
<status status="PASS" starttime="20241119 01:59:51.224" endtime="20241119 01:59:52.764"/>
</kw>
<kw name="Login Page Should Be Open" library="resource">
<kw name="Title Should Be" library="SeleniumLibrary">
<arg>Login</arg>
<doc>Verifies that the current page title equals ``title``.</doc>
<msg timestamp="20241119 01:59:53.271" level="INFO">Page title is 'Login'.</msg>
<status status="PASS" starttime="20241119 01:59:52.765" endtime="20241119 01:59:53.271"/>
</kw>
<status status="PASS" starttime="20241119 01:59:52.764" endtime="20241119 01:59:53.271"/>
</kw>
<kw name="Set Username">
<arg>ellak</arg>
<kw name="Input Text" library="SeleniumLibrary">
<arg>username</arg>
<arg>${username}</arg>
<doc>Types the given ``text`` into the text field identified by ``locator``.</doc>
<msg timestamp="20241119 01:59:53.272" level="INFO">Typing text 'ellak' into text field 'username'.</msg>
<status status="PASS" starttime="20241119 01:59:53.272" endtime="20241119 01:59:54.790"/>
</kw>
<status status="PASS" starttime="20241119 01:59:53.271" endtime="20241119 01:59:54.790"/>
</kw>
<kw name="Set Password">
<arg>ell</arg>
<kw name="Input Password" library="SeleniumLibrary">
<arg>password</arg>
<arg>${password}</arg>
<doc>Types the given password into the text field identified by ``locator``.</doc>
<msg timestamp="20241119 01:59:54.791" level="INFO">Typing password into text field 'password'.</msg>
<msg timestamp="20241119 01:59:55.803" level="INFO">Temporally setting log level to: NONE</msg>
<msg timestamp="20241119 01:59:56.312" level="INFO">Log level changed from NONE to INFO.</msg>
<status status="PASS" starttime="20241119 01:59:54.791" endtime="20241119 01:59:56.312"/>
</kw>
<status status="PASS" starttime="20241119 01:59:54.790" endtime="20241119 01:59:56.312"/>
</kw>
<kw name="Click Button" library="SeleniumLibrary">
<arg>Login</arg>
<doc>Clicks the button identified by ``locator``.</doc>
<msg timestamp="20241119 01:59:56.313" level="INFO">Clicking button 'Login'.</msg>
<status status="PASS" starttime="20241119 01:59:56.312" endtime="20241119 01:59:58.372"/>
</kw>
<kw name="Page Should Contain" library="SeleniumLibrary">
<arg>Invalid username or password</arg>
<doc>Verifies that current page contains ``text``.</doc>
<msg timestamp="20241119 01:59:59.389" level="INFO">Current page contains text 'Invalid username or password'.</msg>
<status status="PASS" starttime="20241119 01:59:58.372" endtime="20241119 01:59:59.389"/>
</kw>
<status status="PASS" starttime="20241119 01:59:36.460" endtime="20241119 01:59:59.389"/>
</test>
<kw name="Close Browser" library="SeleniumLibrary" type="TEARDOWN">
<doc>Closes the current browser.</doc>
<status status="PASS" starttime="20241119 01:59:59.391" endtime="20241119 02:00:02.543"/>
</kw>
<status status="PASS" starttime="20241119 01:57:38.921" endtime="20241119 02:00:02.543"/>
</suite>
<statistics>
<total>
<stat pass="8" fail="0" skip="0">All Tests</stat>
</total>
<tag>
</tag>
<suite>
<stat pass="8" fail="0" skip="0" id="s1" name="Register">Register</stat>
</suite>
</statistics>
<errors>
</errors>
</robot>
