<?xml version="1.0" encoding="UTF-8"?>
<robot generator="Robot 6.1.1 (Python 3.10.6 on win32)" generated="20241118 23:28:40.442" rpa="false" schemaversion="4">
<suite id="s1" name="Tests" source="Q:\Yliopisto\Tietojenkäsittelytieteen kandiohjelma\Ohjelmistotuotanto\palautusrepositorio\viikko3\web-login\src\tests">
<suite id="s1-s1" name="Home" source="Q:\Yliopisto\Tietojenkäsittelytieteen kandiohjelma\Ohjelmistotuotanto\palautusrepositorio\viikko3\web-login\src\tests\home.robot">
<kw name="Open And Configure Browser" library="resource" type="SETUP">
<if>
<branch type="IF" condition="$BROWSER == 'chrome'">
<kw name="Evaluate" library="BuiltIn">
<var>${options}</var>
<arg>sys.modules['selenium.webdriver'].ChromeOptions()</arg>
<arg>sys</arg>
<doc>Evaluates the given expression in Python and returns the result.</doc>
<status status="NOT RUN" starttime="20241118 23:28:40.684" endtime="20241118 23:28:40.684"/>
</kw>
<status status="NOT RUN" starttime="20241118 23:28:40.675" endtime="20241118 23:28:40.684"/>
</branch>
<branch type="ELSE IF" condition="$BROWSER == 'firefox'">
<kw name="Evaluate" library="BuiltIn">
<var>${options}</var>
<arg>sys.modules['selenium.webdriver'].FirefoxOptions()</arg>
<arg>sys</arg>
<doc>Evaluates the given expression in Python and returns the result.</doc>
<msg timestamp="20241118 23:28:40.684" level="INFO">${options} = &lt;selenium.webdriver.firefox.options.Options object at 0x00000292155EAE30&gt;</msg>
<status status="PASS" starttime="20241118 23:28:40.684" endtime="20241118 23:28:40.684"/>
</kw>
<status status="PASS" starttime="20241118 23:28:40.684" endtime="20241118 23:28:40.684"/>
</branch>
<status status="PASS" starttime="20241118 23:28:40.675" endtime="20241118 23:28:40.684"/>
</if>
<if>
<branch type="IF" condition="$HEADLESS == 'true'">
<kw name="Set Selenium Speed" library="SeleniumLibrary">
<arg>0</arg>
<doc>Sets the delay that is waited after each Selenium command.</doc>
<status status="NOT RUN" starttime="20241118 23:28:40.685" endtime="20241118 23:28:40.685"/>
</kw>
<kw name="Call Method" library="BuiltIn">
<arg>${options}</arg>
<arg>add_argument</arg>
<arg>--headless</arg>
<doc>Calls the named method of the given object with the provided arguments.</doc>
<status status="NOT RUN" starttime="20241118 23:28:40.685" endtime="20241118 23:28:40.685"/>
</kw>
<status status="NOT RUN" starttime="20241118 23:28:40.685" endtime="20241118 23:28:40.685"/>
</branch>
<branch type="ELSE">
<kw name="Set Selenium Speed" library="SeleniumLibrary">
<arg>${DELAY}</arg>
<doc>Sets the delay that is waited after each Selenium command.</doc>
<status status="PASS" starttime="20241118 23:28:40.685" endtime="20241118 23:28:40.685"/>
</kw>
<status status="PASS" starttime="20241118 23:28:40.685" endtime="20241118 23:28:40.685"/>
</branch>
<status status="PASS" starttime="20241118 23:28:40.684" endtime="20241118 23:28:40.685"/>
</if>
<kw name="Open Browser" library="SeleniumLibrary">
<arg>browser=${BROWSER}</arg>
<arg>options=${options}</arg>
<doc>Opens a new browser instance to the optional ``url``.</doc>
<msg timestamp="20241118 23:28:40.686" level="INFO">Opening browser 'firefox' to base url 'None'.</msg>
<status status="PASS" starttime="20241118 23:28:40.685" endtime="20241118 23:28:46.677"/>
</kw>
<status status="PASS" starttime="20241118 23:28:40.674" endtime="20241118 23:28:46.677"/>
</kw>
<test id="s1-s1-t1" name="Click Login Link" line="8">
<kw name="Reset Application And Go To Starting Page" type="SETUP">
<kw name="Reset Application" library="AppLibrary">
<status status="PASS" starttime="20241118 23:28:46.678" endtime="20241118 23:28:48.706"/>
</kw>
<kw name="Go To Starting Page" library="resource">
<kw name="Go To" library="SeleniumLibrary">
<arg>${SERVER}</arg>
<doc>Navigates the current browser window to the provided ``url``.</doc>
<msg timestamp="20241118 23:28:48.706" level="INFO">Opening url 'localhost:5001'</msg>
<status status="PASS" starttime="20241118 23:28:48.706" endtime="20241118 23:28:49.251"/>
</kw>
<status status="PASS" starttime="20241118 23:28:48.706" endtime="20241118 23:28:49.251"/>
</kw>
<status status="PASS" starttime="20241118 23:28:46.678" endtime="20241118 23:28:49.251"/>
</kw>
<kw name="Click Link" library="SeleniumLibrary">
<arg>Login</arg>
<doc>Clicks a link identified by ``locator``.</doc>
<msg timestamp="20241118 23:28:49.252" level="INFO">Clicking link 'Login'.</msg>
<status status="PASS" starttime="20241118 23:28:49.251" endtime="20241118 23:28:50.840"/>
</kw>
<kw name="Login Page Should Be Open" library="resource">
<kw name="Title Should Be" library="SeleniumLibrary">
<arg>Login</arg>
<doc>Verifies that the current page title equals ``title``.</doc>
<msg timestamp="20241118 23:28:51.343" level="INFO">Page title is 'Login'.</msg>
<status status="PASS" starttime="20241118 23:28:50.840" endtime="20241118 23:28:51.343"/>
</kw>
<status status="PASS" starttime="20241118 23:28:50.840" endtime="20241118 23:28:51.343"/>
</kw>
<status status="PASS" starttime="20241118 23:28:46.677" endtime="20241118 23:28:51.343"/>
</test>
<test id="s1-s1-t2" name="Click Register Link" line="12">
<kw name="Reset Application And Go To Starting Page" type="SETUP">
<kw name="Reset Application" library="AppLibrary">
<status status="PASS" starttime="20241118 23:28:51.345" endtime="20241118 23:28:53.384"/>
</kw>
<kw name="Go To Starting Page" library="resource">
<kw name="Go To" library="SeleniumLibrary">
<arg>${SERVER}</arg>
<doc>Navigates the current browser window to the provided ``url``.</doc>
<msg timestamp="20241118 23:28:53.384" level="INFO">Opening url 'localhost:5001'</msg>
<status status="PASS" starttime="20241118 23:28:53.384" endtime="20241118 23:28:53.910"/>
</kw>
<status status="PASS" starttime="20241118 23:28:53.384" endtime="20241118 23:28:53.910"/>
</kw>
<status status="PASS" starttime="20241118 23:28:51.345" endtime="20241118 23:28:53.910"/>
</kw>
<kw name="Click Link" library="SeleniumLibrary">
<arg>Register new user</arg>
<doc>Clicks a link identified by ``locator``.</doc>
<msg timestamp="20241118 23:28:53.910" level="INFO">Clicking link 'Register new user'.</msg>
<status status="PASS" starttime="20241118 23:28:53.910" endtime="20241118 23:28:55.456"/>
</kw>
<kw name="Register Page Should Be Open" library="resource">
<kw name="Title Should Be" library="SeleniumLibrary">
<arg>Register</arg>
<doc>Verifies that the current page title equals ``title``.</doc>
<msg timestamp="20241118 23:28:55.960" level="INFO">Page title is 'Register'.</msg>
<status status="PASS" starttime="20241118 23:28:55.456" endtime="20241118 23:28:55.960"/>
</kw>
<status status="PASS" starttime="20241118 23:28:55.456" endtime="20241118 23:28:55.960"/>
</kw>
<status status="PASS" starttime="20241118 23:28:51.344" endtime="20241118 23:28:55.960"/>
</test>
<kw name="Close Browser" library="SeleniumLibrary" type="TEARDOWN">
<doc>Closes the current browser.</doc>
<status status="PASS" starttime="20241118 23:28:55.961" endtime="20241118 23:28:59.064"/>
</kw>
<status status="PASS" starttime="20241118 23:28:40.460" endtime="20241118 23:28:59.064"/>
</suite>
<suite id="s1-s2" name="Login" source="Q:\Yliopisto\Tietojenkäsittelytieteen kandiohjelma\Ohjelmistotuotanto\palautusrepositorio\viikko3\web-login\src\tests\login.robot">
<kw name="Open And Configure Browser" library="resource" type="SETUP">
<if>
<branch type="IF" condition="$BROWSER == 'chrome'">
<kw name="Evaluate" library="BuiltIn">
<var>${options}</var>
<arg>sys.modules['selenium.webdriver'].ChromeOptions()</arg>
<arg>sys</arg>
<doc>Evaluates the given expression in Python and returns the result.</doc>
<status status="NOT RUN" starttime="20241118 23:28:59.070" endtime="20241118 23:28:59.070"/>
</kw>
<status status="NOT RUN" starttime="20241118 23:28:59.070" endtime="20241118 23:28:59.070"/>
</branch>
<branch type="ELSE IF" condition="$BROWSER == 'firefox'">
<kw name="Evaluate" library="BuiltIn">
<var>${options}</var>
<arg>sys.modules['selenium.webdriver'].FirefoxOptions()</arg>
<arg>sys</arg>
<doc>Evaluates the given expression in Python and returns the result.</doc>
<msg timestamp="20241118 23:28:59.071" level="INFO">${options} = &lt;selenium.webdriver.firefox.options.Options object at 0x00000292165D95A0&gt;</msg>
<status status="PASS" starttime="20241118 23:28:59.070" endtime="20241118 23:28:59.071"/>
</kw>
<status status="PASS" starttime="20241118 23:28:59.070" endtime="20241118 23:28:59.071"/>
</branch>
<status status="PASS" starttime="20241118 23:28:59.070" endtime="20241118 23:28:59.071"/>
</if>
<if>
<branch type="IF" condition="$HEADLESS == 'true'">
<kw name="Set Selenium Speed" library="SeleniumLibrary">
<arg>0</arg>
<doc>Sets the delay that is waited after each Selenium command.</doc>
<status status="NOT RUN" starttime="20241118 23:28:59.071" endtime="20241118 23:28:59.071"/>
</kw>
<kw name="Call Method" library="BuiltIn">
<arg>${options}</arg>
<arg>add_argument</arg>
<arg>--headless</arg>
<doc>Calls the named method of the given object with the provided arguments.</doc>
<status status="NOT RUN" starttime="20241118 23:28:59.071" endtime="20241118 23:28:59.071"/>
</kw>
<status status="NOT RUN" starttime="20241118 23:28:59.071" endtime="20241118 23:28:59.071"/>
</branch>
<branch type="ELSE">
<kw name="Set Selenium Speed" library="SeleniumLibrary">
<arg>${DELAY}</arg>
<doc>Sets the delay that is waited after each Selenium command.</doc>
<status status="PASS" starttime="20241118 23:28:59.071" endtime="20241118 23:28:59.071"/>
</kw>
<status status="PASS" starttime="20241118 23:28:59.071" endtime="20241118 23:28:59.071"/>
</branch>
<status status="PASS" starttime="20241118 23:28:59.071" endtime="20241118 23:28:59.071"/>
</if>
<kw name="Open Browser" library="SeleniumLibrary">
<arg>browser=${BROWSER}</arg>
<arg>options=${options}</arg>
<doc>Opens a new browser instance to the optional ``url``.</doc>
<msg timestamp="20241118 23:28:59.072" level="INFO">Opening browser 'firefox' to base url 'None'.</msg>
<status status="PASS" starttime="20241118 23:28:59.072" endtime="20241118 23:29:04.818"/>
</kw>
<status status="PASS" starttime="20241118 23:28:59.070" endtime="20241118 23:29:04.818"/>
</kw>
<test id="s1-s2-t1" name="Login With Correct Credentials" line="8">
<kw name="Reset Application Create User And Go To Login Page" type="SETUP">
<kw name="Reset Application" library="AppLibrary">
<status status="PASS" starttime="20241118 23:29:04.819" endtime="20241118 23:29:06.851"/>
</kw>
<kw name="Create User" library="AppLibrary">
<arg>kalle</arg>
<arg>kalle123</arg>
<status status="PASS" starttime="20241118 23:29:06.851" endtime="20241118 23:29:10.900"/>
</kw>
<kw name="Go To Login Page" library="resource">
<kw name="Go To" library="SeleniumLibrary">
<arg>${LOGIN_URL}</arg>
<doc>Navigates the current browser window to the provided ``url``.</doc>
<msg timestamp="20241118 23:29:10.900" level="INFO">Opening url 'http://localhost:5001/login'</msg>
<status status="PASS" starttime="20241118 23:29:10.900" endtime="20241118 23:29:11.467"/>
</kw>
<status status="PASS" starttime="20241118 23:29:10.900" endtime="20241118 23:29:11.467"/>
</kw>
<status status="PASS" starttime="20241118 23:29:04.819" endtime="20241118 23:29:11.467"/>
</kw>
<kw name="Set Username">
<arg>kalle</arg>
<kw name="Input Text" library="SeleniumLibrary">
<arg>username</arg>
<arg>${username}</arg>
<doc>Types the given ``text`` into the text field identified by ``locator``.</doc>
<msg timestamp="20241118 23:29:11.468" level="INFO">Typing text 'kalle' into text field 'username'.</msg>
<status status="PASS" starttime="20241118 23:29:11.468" endtime="20241118 23:29:13.034"/>
</kw>
<status status="PASS" starttime="20241118 23:29:11.467" endtime="20241118 23:29:13.034"/>
</kw>
<kw name="Set Password">
<arg>kalle123</arg>
<kw name="Input Password" library="SeleniumLibrary">
<arg>password</arg>
<arg>${password}</arg>
<doc>Types the given password into the text field identified by ``locator``.</doc>
<msg timestamp="20241118 23:29:13.035" level="INFO">Typing password into text field 'password'.</msg>
<msg timestamp="20241118 23:29:14.060" level="INFO">Temporally setting log level to: NONE</msg>
<msg timestamp="20241118 23:29:14.574" level="INFO">Log level changed from NONE to INFO.</msg>
<status status="PASS" starttime="20241118 23:29:13.035" endtime="20241118 23:29:14.574"/>
</kw>
<status status="PASS" starttime="20241118 23:29:13.034" endtime="20241118 23:29:14.574"/>
</kw>
<kw name="Submit Credentials">
<kw name="Click Button" library="SeleniumLibrary">
<arg>Login</arg>
<doc>Clicks the button identified by ``locator``.</doc>
<msg timestamp="20241118 23:29:14.575" level="INFO">Clicking button 'Login'.</msg>
<status status="PASS" starttime="20241118 23:29:14.575" endtime="20241118 23:29:16.656"/>
</kw>
<status status="PASS" starttime="20241118 23:29:14.574" endtime="20241118 23:29:16.656"/>
</kw>
<kw name="Login Should Succeed">
<kw name="Main Page Should Be Open" library="resource">
<kw name="Title Should Be" library="SeleniumLibrary">
<arg>Ohtu Application main page</arg>
<doc>Verifies that the current page title equals ``title``.</doc>
<msg timestamp="20241118 23:29:17.168" level="INFO">Page title is 'Ohtu Application main page'.</msg>
<status status="PASS" starttime="20241118 23:29:16.658" endtime="20241118 23:29:17.168"/>
</kw>
<status status="PASS" starttime="20241118 23:29:16.658" endtime="20241118 23:29:17.168"/>
</kw>
<status status="PASS" starttime="20241118 23:29:16.658" endtime="20241118 23:29:17.168"/>
</kw>
<status status="PASS" starttime="20241118 23:29:04.818" endtime="20241118 23:29:17.168"/>
</test>
<test id="s1-s2-t2" name="Login With Incorrect Password" line="14">
<kw name="Reset Application Create User And Go To Login Page" type="SETUP">
<kw name="Reset Application" library="AppLibrary">
<status status="PASS" starttime="20241118 23:29:17.170" endtime="20241118 23:29:19.200"/>
</kw>
<kw name="Create User" library="AppLibrary">
<arg>kalle</arg>
<arg>kalle123</arg>
<status status="PASS" starttime="20241118 23:29:19.200" endtime="20241118 23:29:23.270"/>
</kw>
<kw name="Go To Login Page" library="resource">
<kw name="Go To" library="SeleniumLibrary">
<arg>${LOGIN_URL}</arg>
<doc>Navigates the current browser window to the provided ``url``.</doc>
<msg timestamp="20241118 23:29:23.271" level="INFO">Opening url 'http://localhost:5001/login'</msg>
<status status="PASS" starttime="20241118 23:29:23.270" endtime="20241118 23:29:23.800"/>
</kw>
<status status="PASS" starttime="20241118 23:29:23.270" endtime="20241118 23:29:23.800"/>
</kw>
<status status="PASS" starttime="20241118 23:29:17.169" endtime="20241118 23:29:23.800"/>
</kw>
<kw name="Set Username">
<arg>kalle</arg>
<kw name="Input Text" library="SeleniumLibrary">
<arg>username</arg>
<arg>${username}</arg>
<doc>Types the given ``text`` into the text field identified by ``locator``.</doc>
<msg timestamp="20241118 23:29:23.801" level="INFO">Typing text 'kalle' into text field 'username'.</msg>
<status status="PASS" starttime="20241118 23:29:23.801" endtime="20241118 23:29:25.326"/>
</kw>
<status status="PASS" starttime="20241118 23:29:23.800" endtime="20241118 23:29:25.326"/>
</kw>
<kw name="Set Password">
<arg>kalle456</arg>
<kw name="Input Password" library="SeleniumLibrary">
<arg>password</arg>
<arg>${password}</arg>
<doc>Types the given password into the text field identified by ``locator``.</doc>
<msg timestamp="20241118 23:29:25.327" level="INFO">Typing password into text field 'password'.</msg>
<msg timestamp="20241118 23:29:26.351" level="INFO">Temporally setting log level to: NONE</msg>
<msg timestamp="20241118 23:29:26.869" level="INFO">Log level changed from NONE to INFO.</msg>
<status status="PASS" starttime="20241118 23:29:25.327" endtime="20241118 23:29:26.869"/>
</kw>
<status status="PASS" starttime="20241118 23:29:25.326" endtime="20241118 23:29:26.869"/>
</kw>
<kw name="Submit Credentials">
<kw name="Click Button" library="SeleniumLibrary">
<arg>Login</arg>
<doc>Clicks the button identified by ``locator``.</doc>
<msg timestamp="20241118 23:29:26.870" level="INFO">Clicking button 'Login'.</msg>
<status status="PASS" starttime="20241118 23:29:26.870" endtime="20241118 23:29:28.918"/>
</kw>
<status status="PASS" starttime="20241118 23:29:26.869" endtime="20241118 23:29:28.918"/>
</kw>
<kw name="Login Should Fail With Message">
<arg>Invalid username or password</arg>
<kw name="Login Page Should Be Open" library="resource">
<kw name="Title Should Be" library="SeleniumLibrary">
<arg>Login</arg>
<doc>Verifies that the current page title equals ``title``.</doc>
<msg timestamp="20241118 23:29:29.420" level="INFO">Page title is 'Login'.</msg>
<status status="PASS" starttime="20241118 23:29:28.919" endtime="20241118 23:29:29.420"/>
</kw>
<status status="PASS" starttime="20241118 23:29:28.919" endtime="20241118 23:29:29.420"/>
</kw>
<kw name="Page Should Contain" library="SeleniumLibrary">
<arg>${message}</arg>
<doc>Verifies that current page contains ``text``.</doc>
<msg timestamp="20241118 23:29:30.439" level="INFO">Current page contains text 'Invalid username or password'.</msg>
<status status="PASS" starttime="20241118 23:29:29.420" endtime="20241118 23:29:30.439"/>
</kw>
<status status="PASS" starttime="20241118 23:29:28.918" endtime="20241118 23:29:30.439"/>
</kw>
<status status="PASS" starttime="20241118 23:29:17.169" endtime="20241118 23:29:30.439"/>
</test>
<kw name="Close Browser" library="SeleniumLibrary" type="TEARDOWN">
<doc>Closes the current browser.</doc>
<status status="PASS" starttime="20241118 23:29:30.440" endtime="20241118 23:29:33.544"/>
</kw>
<status status="PASS" starttime="20241118 23:28:59.065" endtime="20241118 23:29:33.544"/>
</suite>
<status status="PASS" starttime="20241118 23:28:40.445" endtime="20241118 23:29:33.546"/>
</suite>
<statistics>
<total>
<stat pass="4" fail="0" skip="0">All Tests</stat>
</total>
<tag>
</tag>
<suite>
<stat pass="4" fail="0" skip="0" id="s1" name="Tests">Tests</stat>
<stat pass="2" fail="0" skip="0" id="s1-s1" name="Home">Tests.Home</stat>
<stat pass="2" fail="0" skip="0" id="s1-s2" name="Login">Tests.Login</stat>
</suite>
</statistics>
<errors>
</errors>
</robot>
